<?xml version="1.0" encoding="UTF-8"?>
<!-- Generated by org.testng.reporters.JUnitXMLReporter -->
<testsuite ignored="0" hostname="LAPTOP-7A67A8DP" failures="0" tests="12" name="Default test" time="15.842" errors="0" timestamp="2022-10-14T12:31:50 BST">
  <testcase classname="com.qa.tests.NavbarTest" name="clickAboutUsButton" time="0.801"/>
  <testcase classname="com.qa.tests.NavbarTest" name="clickBookingsPage" time="0.479"/>
  <testcase classname="com.qa.tests.NavbarTest" name="clickClassificationsButton" time="0.459"/>
  <testcase classname="com.qa.tests.NavbarTest" name="clickContactUsButton" time="0.443"/>
  <testcase classname="com.qa.tests.NavbarTest" name="clickDiscussionsPage" time="0.09"/>
  <testcase classname="com.qa.tests.NavbarTest" name="clickGettingThereButton" time="2.467"/>
  <testcase classname="com.qa.tests.NavbarTest" name="clickHomeButton" time="0.101"/>
  <testcase classname="com.qa.tests.NavbarTest" name="clickListingsGalleryButton" time="0.536"/>
  <testcase classname="com.qa.tests.NavbarTest" name="clickOpeningTimesButton" time="2.5"/>
  <testcase classname="com.qa.tests.NavbarTest" name="clickPlacesToGoButton" time="2.484"/>
  <testcase classname="com.qa.tests.NavbarTest" name="clickScreensButton" time="2.537"/>
  <testcase classname="com.qa.tests.NavbarTest" name="clickUpcomingReleases" time="0.078"/>
</testsuite> <!-- Default test -->
