<?xml version="1.0" encoding="UTF-8"?>
<testng-results ignored="0" total="2" passed="2" failed="0" skipped="0">
  <reporter-output>
  </reporter-output>
  <suite started-at="2022-10-11T15:34:36 BST" name="Default suite" finished-at="2022-10-11T15:34:40 BST" duration-ms="3406">
    <groups>
    </groups>
    <test started-at="2022-10-11T15:34:36 BST" name="Default test" finished-at="2022-10-11T15:34:40 BST" duration-ms="3406">
      <class name="com.qa.tests.BookingsPageTest">
        <test-method is-config="true" signature="initiateBrowser()[pri:0, instance:com.qa.tests.BookingsPageTest@21e360a]" started-at="2022-10-11T15:34:36 BST" name="initiateBrowser" finished-at="2022-10-11T15:34:39 BST" duration-ms="2888" status="PASS">
          <reporter-output>
          </reporter-output>
        </test-method> <!-- initiateBrowser -->
        <test-method signature="showScreenings()[pri:1, instance:com.qa.tests.BookingsPageTest@21e360a]" started-at="2022-10-11T15:34:39 BST" name="showScreenings" finished-at="2022-10-11T15:34:40 BST" duration-ms="410" status="PASS">
          <reporter-output>
          </reporter-output>
        </test-method> <!-- showScreenings -->
        <test-method signature="redirectPage()[pri:2, instance:com.qa.tests.BookingsPageTest@21e360a]" started-at="2022-10-11T15:34:40 BST" name="redirectPage" finished-at="2022-10-11T15:34:40 BST" depends-on-methods="com.qa.tests.BookingsPageTest.showScreenings" duration-ms="72" status="PASS">
          <reporter-output>
          </reporter-output>
        </test-method> <!-- redirectPage -->
      </class> <!-- com.qa.tests.BookingsPageTest -->
    </test> <!-- Default test -->
  </suite> <!-- Default suite -->
</testng-results>
